<?xml version="1.0" encoding="UTF-8"?>
<!-- Generated by org.testng.reporters.JUnitXMLReporter -->
<testsuite hostname="DESKTOP-1JKDRF2" ignored="4" name="Test" tests="3" failures="0" timestamp="27 Jun 2020 05:07:27 GMT" time="0.083" errors="0">
  <testcase name="testA" time="0.011" classname="testng1.Demo1"/>
  <testcase name="testB" time="0.003" classname="testng1.Demo1"/>
  <testcase name="testC" time="0.002" classname="testng1.Demo2"/>
  <testcase name="@AfterSuite afterSuite" time="0.0" classname="testng1.BaseTest">
    <ignored/>
  </testcase> <!-- @AfterSuite afterSuite -->
  <testcase name="@BeforeTest beforeTest" time="0.0" classname="testng1.BaseTest">
    <ignored/>
  </testcase> <!-- @BeforeTest beforeTest -->
  <testcase name="@BeforeSuite beforeSuite" time="0.0" classname="testng1.BaseTest">
    <ignored/>
  </testcase> <!-- @BeforeSuite beforeSuite -->
  <testcase name="@AfterTest AfterTest" time="0.0" classname="testng1.BaseTest">
    <ignored/>
  </testcase> <!-- @AfterTest AfterTest -->
</testsuite> <!-- Test -->
